
Collecting usage statistics. To deactivate, set browser.gatherUsageStats to false.

2026-05-14 11:45:51.051 Uvicorn server started on 0.0.0.0:8501

  You can now view your Streamlit app in your browser.

  Local URL: http://localhost:8501
  Network URL: http://38.180.137.122:8501
  External URL: http://38.180.137.122:8501

  Stopping...

Collecting usage statistics. To deactivate, set browser.gatherUsageStats to false.

2026-05-14 11:55:30.667 Uvicorn server started on 0.0.0.0:8501

  You can now view your Streamlit app in your browser.

  Local URL: http://localhost:8501
  Network URL: http://38.180.137.122:8501
  External URL: http://38.180.137.122:8501

  Stopping...

Collecting usage statistics. To deactivate, set browser.gatherUsageStats to false.

2026-05-14 11:55:55.235 Uvicorn server started on 0.0.0.0:8501

  You can now view your Streamlit app in your browser.

  Local URL: http://localhost:8501
  Network URL: http://38.180.137.122:8501
  External URL: http://38.180.137.122:8501

Usage: streamlit run [OPTIONS] [TARGET] [ARGS]...
Try 'streamlit run --help' for help.

Error: Invalid value for '--server.port' (env var: 'STREAMLIT_SERVER_PORT'): '8501ç' is not a valid integer.

Collecting usage statistics. To deactivate, set browser.gatherUsageStats to false.

2026-05-14 11:56:14.211 Port 8501 is not available
/root/sultraxai/app.py:17: UserWarning: pandas only supports SQLAlchemy connectable (engine/connection) or database string URI or sqlite3 DBAPI2 connection. Other DBAPI2 objects are not tested. Please consider using SQLAlchemy.
  df = pd.read_sql_query(query, conn)
2026-05-14 11:56:52.874 Please replace `use_container_width` with `width`.

`use_container_width` will be removed after 2025-12-31.

For `use_container_width=True`, use `width='stretch'`. For `use_container_width=False`, use `width='content'`.
  Stopping...

Collecting usage statistics. To deactivate, set browser.gatherUsageStats to false.

2026-05-14 12:02:02.707 Uvicorn server started on 0.0.0.0:8501

  You can now view your Streamlit app in your browser.

  Local URL: http://localhost:8501
  Network URL: http://38.180.137.122:8501
  External URL: http://38.180.137.122:8501

/root/sultraxai/app.py:17: UserWarning: pandas only supports SQLAlchemy connectable (engine/connection) or database string URI or sqlite3 DBAPI2 connection. Other DBAPI2 objects are not tested. Please consider using SQLAlchemy.
  df = pd.read_sql_query(query, conn)
2026-05-14 12:02:32.905 Please replace `use_container_width` with `width`.

`use_container_width` will be removed after 2025-12-31.

For `use_container_width=True`, use `width='stretch'`. For `use_container_width=False`, use `width='content'`.
/root/sultraxai/app.py:17: UserWarning: pandas only supports SQLAlchemy connectable (engine/connection) or database string URI or sqlite3 DBAPI2 connection. Other DBAPI2 objects are not tested. Please consider using SQLAlchemy.
  df = pd.read_sql_query(query, conn)
2026-05-14 12:12:53.428 Please replace `use_container_width` with `width`.

`use_container_width` will be removed after 2025-12-31.

For `use_container_width=True`, use `width='stretch'`. For `use_container_width=False`, use `width='content'`.
/root/sultraxai/app.py:17: UserWarning: pandas only supports SQLAlchemy connectable (engine/connection) or database string URI or sqlite3 DBAPI2 connection. Other DBAPI2 objects are not tested. Please consider using SQLAlchemy.
  df = pd.read_sql_query(query, conn)
2026-05-14 12:13:02.211 Please replace `use_container_width` with `width`.

`use_container_width` will be removed after 2025-12-31.

For `use_container_width=True`, use `width='stretch'`. For `use_container_width=False`, use `width='content'`.
  Stopping...

Collecting usage statistics. To deactivate, set browser.gatherUsageStats to false.

2026-05-14 12:17:06.412 Uvicorn server started on 0.0.0.0:8501

  You can now view your Streamlit app in your browser.

  Local URL: http://localhost:8501
  Network URL: http://38.180.137.122:8501
  External URL: http://38.180.137.122:8501

/root/sultraxai/app.py:17: UserWarning: pandas only supports SQLAlchemy connectable (engine/connection) or database string URI or sqlite3 DBAPI2 connection. Other DBAPI2 objects are not tested. Please consider using SQLAlchemy.
  df = pd.read_sql_query(query, conn)
2026-05-14 12:17:20.861 Please replace `use_container_width` with `width`.

`use_container_width` will be removed after 2025-12-31.

For `use_container_width=True`, use `width='stretch'`. For `use_container_width=False`, use `width='content'`.
/root/sultraxai/app.py:17: UserWarning: pandas only supports SQLAlchemy connectable (engine/connection) or database string URI or sqlite3 DBAPI2 connection. Other DBAPI2 objects are not tested. Please consider using SQLAlchemy.
  df = pd.read_sql_query(query, conn)
2026-05-14 12:17:30.487 Please replace `use_container_width` with `width`.

`use_container_width` will be removed after 2025-12-31.

For `use_container_width=True`, use `width='stretch'`. For `use_container_width=False`, use `width='content'`.
  Stopping...

Collecting usage statistics. To deactivate, set browser.gatherUsageStats to false.

2026-05-14 12:24:23.394 Uvicorn server started on 0.0.0.0:8501

  You can now view your Streamlit app in your browser.

  Local URL: http://localhost:8501
  Network URL: http://38.180.137.122:8501
  External URL: http://38.180.137.122:8501

/root/sultraxai/app.py:17: UserWarning: pandas only supports SQLAlchemy connectable (engine/connection) or database string URI or sqlite3 DBAPI2 connection. Other DBAPI2 objects are not tested. Please consider using SQLAlchemy.
  df = pd.read_sql_query(query, conn)
2026-05-14 12:24:29.901 Please replace `use_container_width` with `width`.

`use_container_width` will be removed after 2025-12-31.

For `use_container_width=True`, use `width='stretch'`. For `use_container_width=False`, use `width='content'`.
/root/sultraxai/app.py:17: UserWarning: pandas only supports SQLAlchemy connectable (engine/connection) or database string URI or sqlite3 DBAPI2 connection. Other DBAPI2 objects are not tested. Please consider using SQLAlchemy.
  df = pd.read_sql_query(query, conn)
2026-05-14 12:27:55.591 Please replace `use_container_width` with `width`.

`use_container_width` will be removed after 2025-12-31.

For `use_container_width=True`, use `width='stretch'`. For `use_container_width=False`, use `width='content'`.
  Stopping...

Collecting usage statistics. To deactivate, set browser.gatherUsageStats to false.

2026-05-14 12:32:30.448 Uvicorn server started on 0.0.0.0:8501

  You can now view your Streamlit app in your browser.

  Local URL: http://localhost:8501
  Network URL: http://38.180.137.122:8501
  External URL: http://38.180.137.122:8501

/root/sultraxai/app.py:20: UserWarning: pandas only supports SQLAlchemy connectable (engine/connection) or database string URI or sqlite3 DBAPI2 connection. Other DBAPI2 objects are not tested. Please consider using SQLAlchemy.
  df = pd.read_sql_query(query, conn)
2026-05-14 12:32:34.948 Please replace `use_container_width` with `width`.

`use_container_width` will be removed after 2025-12-31.

For `use_container_width=True`, use `width='stretch'`. For `use_container_width=False`, use `width='content'`.
/root/sultraxai/app.py:20: UserWarning: pandas only supports SQLAlchemy connectable (engine/connection) or database string URI or sqlite3 DBAPI2 connection. Other DBAPI2 objects are not tested. Please consider using SQLAlchemy.
  df = pd.read_sql_query(query, conn)
2026-05-14 12:33:10.643 Please replace `use_container_width` with `width`.

`use_container_width` will be removed after 2025-12-31.

For `use_container_width=True`, use `width='stretch'`. For `use_container_width=False`, use `width='content'`.
/root/sultraxai/app.py:20: UserWarning: pandas only supports SQLAlchemy connectable (engine/connection) or database string URI or sqlite3 DBAPI2 connection. Other DBAPI2 objects are not tested. Please consider using SQLAlchemy.
  df = pd.read_sql_query(query, conn)
2026-05-14 13:03:02.382 Please replace `use_container_width` with `width`.

`use_container_width` will be removed after 2025-12-31.

For `use_container_width=True`, use `width='stretch'`. For `use_container_width=False`, use `width='content'`.
/root/sultraxai/app.py:20: UserWarning: pandas only supports SQLAlchemy connectable (engine/connection) or database string URI or sqlite3 DBAPI2 connection. Other DBAPI2 objects are not tested. Please consider using SQLAlchemy.
  df = pd.read_sql_query(query, conn)
2026-05-14 13:03:12.451 Please replace `use_container_width` with `width`.

`use_container_width` will be removed after 2025-12-31.

For `use_container_width=True`, use `width='stretch'`. For `use_container_width=False`, use `width='content'`.
/root/sultraxai/app.py:20: UserWarning: pandas only supports SQLAlchemy connectable (engine/connection) or database string URI or sqlite3 DBAPI2 connection. Other DBAPI2 objects are not tested. Please consider using SQLAlchemy.
  df = pd.read_sql_query(query, conn)
2026-05-14 13:28:47.618 Please replace `use_container_width` with `width`.

`use_container_width` will be removed after 2025-12-31.

For `use_container_width=True`, use `width='stretch'`. For `use_container_width=False`, use `width='content'`.
Invalid HTTP request received.
Invalid HTTP request received.
Invalid HTTP request received.
Invalid HTTP request received.
Invalid HTTP request received.
Invalid HTTP request received.
Invalid HTTP request received.
Invalid HTTP request received.
Invalid HTTP request received.
Invalid HTTP request received.
Invalid HTTP request received.
Invalid HTTP request received.
Invalid HTTP request received.
Invalid HTTP request received.
Invalid HTTP request received.
Invalid HTTP request received.
Invalid HTTP request received.
Invalid HTTP request received.
Invalid HTTP request received.
Invalid HTTP request received.
Invalid HTTP request received.
Invalid HTTP request received.
Invalid HTTP request received.
Invalid HTTP request received.
Invalid HTTP request received.
Invalid HTTP request received.
Invalid HTTP request received.
Invalid HTTP request received.
Invalid HTTP request received.
Invalid HTTP request received.
Invalid HTTP request received.
Invalid HTTP request received.
Invalid HTTP request received.
Invalid HTTP request received.
Invalid HTTP request received.
Invalid HTTP request received.
Invalid HTTP request received.
Invalid HTTP request received.
Invalid HTTP request received.
Invalid HTTP request received.
Invalid HTTP request received.
Invalid HTTP request received.
Invalid HTTP request received.
Invalid HTTP request received.
Invalid HTTP request received.
Invalid HTTP request received.
Invalid HTTP request received.
Invalid HTTP request received.
Invalid HTTP request received.
Invalid HTTP request received.
Invalid HTTP request received.
Invalid HTTP request received.
Invalid HTTP request received.
Invalid HTTP request received.
Invalid HTTP request received.
Invalid HTTP request received.
Invalid HTTP request received.
Invalid HTTP request received.
Invalid HTTP request received.
Invalid HTTP request received.
Invalid HTTP request received.
Invalid HTTP request received.
Invalid HTTP request received.
Invalid HTTP request received.
Invalid HTTP request received.
Invalid HTTP request received.
Invalid HTTP request received.
Invalid HTTP request received.
Invalid HTTP request received.
Invalid HTTP request received.
Invalid HTTP request received.
Invalid HTTP request received.
Invalid HTTP request received.
Invalid HTTP request received.
Invalid HTTP request received.
Invalid HTTP request received.
Invalid HTTP request received.
Invalid HTTP request received.
Invalid HTTP request received.
Invalid HTTP request received.
Invalid HTTP request received.
Invalid HTTP request received.
Invalid HTTP request received.
Invalid HTTP request received.
Invalid HTTP request received.
Invalid HTTP request received.
Invalid HTTP request received.
Invalid HTTP request received.
Invalid HTTP request received.
Invalid HTTP request received.
Invalid HTTP request received.
Invalid HTTP request received.
Invalid HTTP request received.
Invalid HTTP request received.
Invalid HTTP request received.
Invalid HTTP request received.
Invalid HTTP request received.
Invalid HTTP request received.
Invalid HTTP request received.
Invalid HTTP request received.
Invalid HTTP request received.
Invalid HTTP request received.
Invalid HTTP request received.
Invalid HTTP request received.
Invalid HTTP request received.
Invalid HTTP request received.
Invalid HTTP request received.
Invalid HTTP request received.
Invalid HTTP request received.
Invalid HTTP request received.
Invalid HTTP request received.
Invalid HTTP request received.
Invalid HTTP request received.
Invalid HTTP request received.
Invalid HTTP request received.
Invalid HTTP request received.
Invalid HTTP request received.
Invalid HTTP request received.
Invalid HTTP request received.
Invalid HTTP request received.
Invalid HTTP request received.
Invalid HTTP request received.
Invalid HTTP request received.
Invalid HTTP request received.
Invalid HTTP request received.
Invalid HTTP request received.
Invalid HTTP request received.
Invalid HTTP request received.
Invalid HTTP request received.
Invalid HTTP request received.
Invalid HTTP request received.
Invalid HTTP request received.
Invalid HTTP request received.
Invalid HTTP request received.
Invalid HTTP request received.
Invalid HTTP request received.
Invalid HTTP request received.
Invalid HTTP request received.
Invalid HTTP request received.
Invalid HTTP request received.
Invalid HTTP request received.
Invalid HTTP request received.
Invalid HTTP request received.
Invalid HTTP request received.
Invalid HTTP request received.
Invalid HTTP request received.
Invalid HTTP request received.
Invalid HTTP request received.
Invalid HTTP request received.
Invalid HTTP request received.
Invalid HTTP request received.
Invalid HTTP request received.
Invalid HTTP request received.
Invalid HTTP request received.
Invalid HTTP request received.
Invalid HTTP request received.
Invalid HTTP request received.
Invalid HTTP request received.
Invalid HTTP request received.
Invalid HTTP request received.
Invalid HTTP request received.
Invalid HTTP request received.
Invalid HTTP request received.
Invalid HTTP request received.
Invalid HTTP request received.
Invalid HTTP request received.
Invalid HTTP request received.
Invalid HTTP request received.
Invalid HTTP request received.
Invalid HTTP request received.
Invalid HTTP request received.
Invalid HTTP request received.
Invalid HTTP request received.
Invalid HTTP request received.
Invalid HTTP request received.
Invalid HTTP request received.
Invalid HTTP request received.
Invalid HTTP request received.
Invalid HTTP request received.
Invalid HTTP request received.
Invalid HTTP request received.
Invalid HTTP request received.
Invalid HTTP request received.
Invalid HTTP request received.
Invalid HTTP request received.
Invalid HTTP request received.
Invalid HTTP request received.
Invalid HTTP request received.
Invalid HTTP request received.
Invalid HTTP request received.
Invalid HTTP request received.
Invalid HTTP request received.
Invalid HTTP request received.
Invalid HTTP request received.
Invalid HTTP request received.
Invalid HTTP request received.
Invalid HTTP request received.
Invalid HTTP request received.
Invalid HTTP request received.
Invalid HTTP request received.
Invalid HTTP request received.
Invalid HTTP request received.
Invalid HTTP request received.
Invalid HTTP request received.
Invalid HTTP request received.
Invalid HTTP request received.
Invalid HTTP request received.
Invalid HTTP request received.
Invalid HTTP request received.
Invalid HTTP request received.
Invalid HTTP request received.
Invalid HTTP request received.
Invalid HTTP request received.
Invalid HTTP request received.
Invalid HTTP request received.
Invalid HTTP request received.
Invalid HTTP request received.
Invalid HTTP request received.
Invalid HTTP request received.
Invalid HTTP request received.
Invalid HTTP request received.
Invalid HTTP request received.
Invalid HTTP request received.
Invalid HTTP request received.
Invalid HTTP request received.
Invalid HTTP request received.
Invalid HTTP request received.
Invalid HTTP request received.
Invalid HTTP request received.
Invalid HTTP request received.
Invalid HTTP request received.
Invalid HTTP request received.
Invalid HTTP request received.
Invalid HTTP request received.
Invalid HTTP request received.
Invalid HTTP request received.
Invalid HTTP request received.
Invalid HTTP request received.
Invalid HTTP request received.
Invalid HTTP request received.
Invalid HTTP request received.
Invalid HTTP request received.
Invalid HTTP request received.
Invalid HTTP request received.
Invalid HTTP request received.
Invalid HTTP request received.
Invalid HTTP request received.
Invalid HTTP request received.
Invalid HTTP request received.
Invalid HTTP request received.
Invalid HTTP request received.
Invalid HTTP request received.
Invalid HTTP request received.
Invalid HTTP request received.
Invalid HTTP request received.
Invalid HTTP request received.
Invalid HTTP request received.
Invalid HTTP request received.
Invalid HTTP request received.
Invalid HTTP request received.
Invalid HTTP request received.
Invalid HTTP request received.
Invalid HTTP request received.
Invalid HTTP request received.
Invalid HTTP request received.
Invalid HTTP request received.
Invalid HTTP request received.
Invalid HTTP request received.
Invalid HTTP request received.
Invalid HTTP request received.
Invalid HTTP request received.
Invalid HTTP request received.
Invalid HTTP request received.
Invalid HTTP request received.
Invalid HTTP request received.
Invalid HTTP request received.
Invalid HTTP request received.
Invalid HTTP request received.
Invalid HTTP request received.
Invalid HTTP request received.
Invalid HTTP request received.
Invalid HTTP request received.
Invalid HTTP request received.
Invalid HTTP request received.
Invalid HTTP request received.
Invalid HTTP request received.
Invalid HTTP request received.
Invalid HTTP request received.
Invalid HTTP request received.
Invalid HTTP request received.
Invalid HTTP request received.
Invalid HTTP request received.
Invalid HTTP request received.
Invalid HTTP request received.
Invalid HTTP request received.
Invalid HTTP request received.
Invalid HTTP request received.
Invalid HTTP request received.
Invalid HTTP request received.
Invalid HTTP request received.
Invalid HTTP request received.
Invalid HTTP request received.
Invalid HTTP request received.
Invalid HTTP request received.
Invalid HTTP request received.
Invalid HTTP request received.
Invalid HTTP request received.
Invalid HTTP request received.
Invalid HTTP request received.
Invalid HTTP request received.
Invalid HTTP request received.
Invalid HTTP request received.
Invalid HTTP request received.
Invalid HTTP request received.
Invalid HTTP request received.
Invalid HTTP request received.
Invalid HTTP request received.
Invalid HTTP request received.
Invalid HTTP request received.
Invalid HTTP request received.
Invalid HTTP request received.
Invalid HTTP request received.
Invalid HTTP request received.
Invalid HTTP request received.
Invalid HTTP request received.
Invalid HTTP request received.
Invalid HTTP request received.
Invalid HTTP request received.
Invalid HTTP request received.
Invalid HTTP request received.
Invalid HTTP request received.
Invalid HTTP request received.
Invalid HTTP request received.
Invalid HTTP request received.
Invalid HTTP request received.
Invalid HTTP request received.
Invalid HTTP request received.
Invalid HTTP request received.
Invalid HTTP request received.
Invalid HTTP request received.
Invalid HTTP request received.
Invalid HTTP request received.
Invalid HTTP request received.
Invalid HTTP request received.
Invalid HTTP request received.
Invalid HTTP request received.
Invalid HTTP request received.
Invalid HTTP request received.
Invalid HTTP request received.
Invalid HTTP request received.
Invalid HTTP request received.
Invalid HTTP request received.
Invalid HTTP request received.
Invalid HTTP request received.
Invalid HTTP request received.
Invalid HTTP request received.
Invalid HTTP request received.
Invalid HTTP request received.
Invalid HTTP request received.
Invalid HTTP request received.
Invalid HTTP request received.
Invalid HTTP request received.
Invalid HTTP request received.
Invalid HTTP request received.
Invalid HTTP request received.
Invalid HTTP request received.
Invalid HTTP request received.
Invalid HTTP request received.
Invalid HTTP request received.
Invalid HTTP request received.
Invalid HTTP request received.
Invalid HTTP request received.
Invalid HTTP request received.
Invalid HTTP request received.
Invalid HTTP request received.
Invalid HTTP request received.
Invalid HTTP request received.
Invalid HTTP request received.
Invalid HTTP request received.
Invalid HTTP request received.
Invalid HTTP request received.
Invalid HTTP request received.
Invalid HTTP request received.
Invalid HTTP request received.
Invalid HTTP request received.
Invalid HTTP request received.
Invalid HTTP request received.
Invalid HTTP request received.
Invalid HTTP request received.
Invalid HTTP request received.
Invalid HTTP request received.
Invalid HTTP request received.
Invalid HTTP request received.
Invalid HTTP request received.
Invalid HTTP request received.
Invalid HTTP request received.
Invalid HTTP request received.
Invalid HTTP request received.
Invalid HTTP request received.
Invalid HTTP request received.
Invalid HTTP request received.
Invalid HTTP request received.
Invalid HTTP request received.
Invalid HTTP request received.
Invalid HTTP request received.
Invalid HTTP request received.
Invalid HTTP request received.
Invalid HTTP request received.
Invalid HTTP request received.
Invalid HTTP request received.
Invalid HTTP request received.
Invalid HTTP request received.
Invalid HTTP request received.
Invalid HTTP request received.
Invalid HTTP request received.
Invalid HTTP request received.
Invalid HTTP request received.
Invalid HTTP request received.
Invalid HTTP request received.
Invalid HTTP request received.
Invalid HTTP request received.
Invalid HTTP request received.
Invalid HTTP request received.
Invalid HTTP request received.
Invalid HTTP request received.
Invalid HTTP request received.
Invalid HTTP request received.
Invalid HTTP request received.
Invalid HTTP request received.
Invalid HTTP request received.
Invalid HTTP request received.
Invalid HTTP request received.
Invalid HTTP request received.
Invalid HTTP request received.
Invalid HTTP request received.
Invalid HTTP request received.
Invalid HTTP request received.
Invalid HTTP request received.
Invalid HTTP request received.
Invalid HTTP request received.
Invalid HTTP request received.
Invalid HTTP request received.
Invalid HTTP request received.
Invalid HTTP request received.
Invalid HTTP request received.
Invalid HTTP request received.
Invalid HTTP request received.
Invalid HTTP request received.
Invalid HTTP request received.
Invalid HTTP request received.
Invalid HTTP request received.
Invalid HTTP request received.
Invalid HTTP request received.
Invalid HTTP request received.
Invalid HTTP request received.
Invalid HTTP request received.
Invalid HTTP request received.
Invalid HTTP request received.
Invalid HTTP request received.
Invalid HTTP request received.
Invalid HTTP request received.
Invalid HTTP request received.
Invalid HTTP request received.
Invalid HTTP request received.
Invalid HTTP request received.
Invalid HTTP request received.
Invalid HTTP request received.
Invalid HTTP request received.
Invalid HTTP request received.
Invalid HTTP request received.
Invalid HTTP request received.
Invalid HTTP request received.
Invalid HTTP request received.
Invalid HTTP request received.
Invalid HTTP request received.
Invalid HTTP request received.
Invalid HTTP request received.
Invalid HTTP request received.
Invalid HTTP request received.
Invalid HTTP request received.
Invalid HTTP request received.
Invalid HTTP request received.
Invalid HTTP request received.
Invalid HTTP request received.
Invalid HTTP request received.
Invalid HTTP request received.
Invalid HTTP request received.
Invalid HTTP request received.
Invalid HTTP request received.
Invalid HTTP request received.
Invalid HTTP request received.
Invalid HTTP request received.
Invalid HTTP request received.
Invalid HTTP request received.
Invalid HTTP request received.
Invalid HTTP request received.
Invalid HTTP request received.
Invalid HTTP request received.
Invalid HTTP request received.
Invalid HTTP request received.
Invalid HTTP request received.
Invalid HTTP request received.
Invalid HTTP request received.
Invalid HTTP request received.
Invalid HTTP request received.
Invalid HTTP request received.
Invalid HTTP request received.
Invalid HTTP request received.
Invalid HTTP request received.
Invalid HTTP request received.
Invalid HTTP request received.
Invalid HTTP request received.
Invalid HTTP request received.
Invalid HTTP request received.
Invalid HTTP request received.
Invalid HTTP request received.
Invalid HTTP request received.
Invalid HTTP request received.
Invalid HTTP request received.
Invalid HTTP request received.
Invalid HTTP request received.
Invalid HTTP request received.
Invalid HTTP request received.
Invalid HTTP request received.
Invalid HTTP request received.
Invalid HTTP request received.
Invalid HTTP request received.
Invalid HTTP request received.
Invalid HTTP request received.
Invalid HTTP request received.
Invalid HTTP request received.
Invalid HTTP request received.
Invalid HTTP request received.
Invalid HTTP request received.
Invalid HTTP request received.
Invalid HTTP request received.
Invalid HTTP request received.
Invalid HTTP request received.
Invalid HTTP request received.
Invalid HTTP request received.
Invalid HTTP request received.
Invalid HTTP request received.
Invalid HTTP request received.
Invalid HTTP request received.
Invalid HTTP request received.
Invalid HTTP request received.
Invalid HTTP request received.
Invalid HTTP request received.
Invalid HTTP request received.
Invalid HTTP request received.
Invalid HTTP request received.
Invalid HTTP request received.
Invalid HTTP request received.
Invalid HTTP request received.
Invalid HTTP request received.
Invalid HTTP request received.
Invalid HTTP request received.
Invalid HTTP request received.
Invalid HTTP request received.
Invalid HTTP request received.
Invalid HTTP request received.
Invalid HTTP request received.
Invalid HTTP request received.
Invalid HTTP request received.
Invalid HTTP request received.
Invalid HTTP request received.
Invalid HTTP request received.
Invalid HTTP request received.
Invalid HTTP request received.
Invalid HTTP request received.
Invalid HTTP request received.
Invalid HTTP request received.
Invalid HTTP request received.
Invalid HTTP request received.
Invalid HTTP request received.
Invalid HTTP request received.
Invalid HTTP request received.
Invalid HTTP request received.
Invalid HTTP request received.
Invalid HTTP request received.
Invalid HTTP request received.
Invalid HTTP request received.
Invalid HTTP request received.
Invalid HTTP request received.
Invalid HTTP request received.
Invalid HTTP request received.
Invalid HTTP request received.
Invalid HTTP request received.
Invalid HTTP request received.
Invalid HTTP request received.
Invalid HTTP request received.
Invalid HTTP request received.
Invalid HTTP request received.
Invalid HTTP request received.
Invalid HTTP request received.
Invalid HTTP request received.
Invalid HTTP request received.
Invalid HTTP request received.
Invalid HTTP request received.
Invalid HTTP request received.
Invalid HTTP request received.
Invalid HTTP request received.
Invalid HTTP request received.
Invalid HTTP request received.
Invalid HTTP request received.
Invalid HTTP request received.
Invalid HTTP request received.
Invalid HTTP request received.
Invalid HTTP request received.
Invalid HTTP request received.
Invalid HTTP request received.
Invalid HTTP request received.
Invalid HTTP request received.
Invalid HTTP request received.
Invalid HTTP request received.
Invalid HTTP request received.
Invalid HTTP request received.
Invalid HTTP request received.
Invalid HTTP request received.
Invalid HTTP request received.
Invalid HTTP request received.
Invalid HTTP request received.
Invalid HTTP request received.
Invalid HTTP request received.
Invalid HTTP request received.
Invalid HTTP request received.
Invalid HTTP request received.
Invalid HTTP request received.
Invalid HTTP request received.
Invalid HTTP request received.
Invalid HTTP request received.
Invalid HTTP request received.
Invalid HTTP request received.
Invalid HTTP request received.
Invalid HTTP request received.
Invalid HTTP request received.
Invalid HTTP request received.
Invalid HTTP request received.
Invalid HTTP request received.
Invalid HTTP request received.
Invalid HTTP request received.
Invalid HTTP request received.
Invalid HTTP request received.
Invalid HTTP request received.
Invalid HTTP request received.
Invalid HTTP request received.
Invalid HTTP request received.
Invalid HTTP request received.
Invalid HTTP request received.
Invalid HTTP request received.
Invalid HTTP request received.
Invalid HTTP request received.
Invalid HTTP request received.
Invalid HTTP request received.
Invalid HTTP request received.
Invalid HTTP request received.
Invalid HTTP request received.
Invalid HTTP request received.
Invalid HTTP request received.
Invalid HTTP request received.
Invalid HTTP request received.
Invalid HTTP request received.
Invalid HTTP request received.
Invalid HTTP request received.
Invalid HTTP request received.
Invalid HTTP request received.
Invalid HTTP request received.
Invalid HTTP request received.
Invalid HTTP request received.
Invalid HTTP request received.
Invalid HTTP request received.
Invalid HTTP request received.
Invalid HTTP request received.
Invalid HTTP request received.
Invalid HTTP request received.
Invalid HTTP request received.
Invalid HTTP request received.
Invalid HTTP request received.
Invalid HTTP request received.
Invalid HTTP request received.
Invalid HTTP request received.
Invalid HTTP request received.
Invalid HTTP request received.
Invalid HTTP request received.
Invalid HTTP request received.
Invalid HTTP request received.
Invalid HTTP request received.
Invalid HTTP request received.
Invalid HTTP request received.
Invalid HTTP request received.
Invalid HTTP request received.
Invalid HTTP request received.
Invalid HTTP request received.
Invalid HTTP request received.
Invalid HTTP request received.
Invalid HTTP request received.
Invalid HTTP request received.
Invalid HTTP request received.
Invalid HTTP request received.
Invalid HTTP request received.
Invalid HTTP request received.
Invalid HTTP request received.
Invalid HTTP request received.
Invalid HTTP request received.
Invalid HTTP request received.
Invalid HTTP request received.
Invalid HTTP request received.
Invalid HTTP request received.
Invalid HTTP request received.
Invalid HTTP request received.
Invalid HTTP request received.
Invalid HTTP request received.
Invalid HTTP request received.
Invalid HTTP request received.
Invalid HTTP request received.
Invalid HTTP request received.
Invalid HTTP request received.
Invalid HTTP request received.
Invalid HTTP request received.
Invalid HTTP request received.
Invalid HTTP request received.
Invalid HTTP request received.
Invalid HTTP request received.
Invalid HTTP request received.
Invalid HTTP request received.
Invalid HTTP request received.
Invalid HTTP request received.
Invalid HTTP request received.
Invalid HTTP request received.
Invalid HTTP request received.
Invalid HTTP request received.
Invalid HTTP request received.
Invalid HTTP request received.
Invalid HTTP request received.
Invalid HTTP request received.
Invalid HTTP request received.
Invalid HTTP request received.
Invalid HTTP request received.
Invalid HTTP request received.
Invalid HTTP request received.
Invalid HTTP request received.
Invalid HTTP request received.
Invalid HTTP request received.
Invalid HTTP request received.
Invalid HTTP request received.
Invalid HTTP request received.
Invalid HTTP request received.
Invalid HTTP request received.
Invalid HTTP request received.
Invalid HTTP request received.
Invalid HTTP request received.
Invalid HTTP request received.
Invalid HTTP request received.
Invalid HTTP request received.
Invalid HTTP request received.
Invalid HTTP request received.
Invalid HTTP request received.
Invalid HTTP request received.
Invalid HTTP request received.
Invalid HTTP request received.
Invalid HTTP request received.
Invalid HTTP request received.
Invalid HTTP request received.
Invalid HTTP request received.
Invalid HTTP request received.
Invalid HTTP request received.
Invalid HTTP request received.
Invalid HTTP request received.
Invalid HTTP request received.
Invalid HTTP request received.
Invalid HTTP request received.
Invalid HTTP request received.
Invalid HTTP request received.
Invalid HTTP request received.
Invalid HTTP request received.
Invalid HTTP request received.
Invalid HTTP request received.
Invalid HTTP request received.
Invalid HTTP request received.
Invalid HTTP request received.
Invalid HTTP request received.
Invalid HTTP request received.
Invalid HTTP request received.
Invalid HTTP request received.
Invalid HTTP request received.
Invalid HTTP request received.
Invalid HTTP request received.
Invalid HTTP request received.
Invalid HTTP request received.
Invalid HTTP request received.
Invalid HTTP request received.
Invalid HTTP request received.
Invalid HTTP request received.
Invalid HTTP request received.
Invalid HTTP request received.
Invalid HTTP request received.
Invalid HTTP request received.
Invalid HTTP request received.
Invalid HTTP request received.
Invalid HTTP request received.
Invalid HTTP request received.
Invalid HTTP request received.
Invalid HTTP request received.
Invalid HTTP request received.
Invalid HTTP request received.
Invalid HTTP request received.
Invalid HTTP request received.
Invalid HTTP request received.
Invalid HTTP request received.
Invalid HTTP request received.
Invalid HTTP request received.
Invalid HTTP request received.
Invalid HTTP request received.
Invalid HTTP request received.
Invalid HTTP request received.
Invalid HTTP request received.
Invalid HTTP request received.
Invalid HTTP request received.
Invalid HTTP request received.
Invalid HTTP request received.
Invalid HTTP request received.
Invalid HTTP request received.
Invalid HTTP request received.
Invalid HTTP request received.
Invalid HTTP request received.
Invalid HTTP request received.
Invalid HTTP request received.
Invalid HTTP request received.
Invalid HTTP request received.
Invalid HTTP request received.
Invalid HTTP request received.
Invalid HTTP request received.
Invalid HTTP request received.
Invalid HTTP request received.
Invalid HTTP request received.
Invalid HTTP request received.
Invalid HTTP request received.
Invalid HTTP request received.
Invalid HTTP request received.
Invalid HTTP request received.
Invalid HTTP request received.
Invalid HTTP request received.
Invalid HTTP request received.
Invalid HTTP request received.
Invalid HTTP request received.
Invalid HTTP request received.
Invalid HTTP request received.
Invalid HTTP request received.
Invalid HTTP request received.
Invalid HTTP request received.
Invalid HTTP request received.
Invalid HTTP request received.
Invalid HTTP request received.
Invalid HTTP request received.
Invalid HTTP request received.
Invalid HTTP request received.
Invalid HTTP request received.
Invalid HTTP request received.
Invalid HTTP request received.
Invalid HTTP request received.
Invalid HTTP request received.
Invalid HTTP request received.
Invalid HTTP request received.
Invalid HTTP request received.
Invalid HTTP request received.
Invalid HTTP request received.
Invalid HTTP request received.
Invalid HTTP request received.
Invalid HTTP request received.
Invalid HTTP request received.
Invalid HTTP request received.
Invalid HTTP request received.
Invalid HTTP request received.
Invalid HTTP request received.
Invalid HTTP request received.
Invalid HTTP request received.
Invalid HTTP request received.
Invalid HTTP request received.
Invalid HTTP request received.
Invalid HTTP request received.
Invalid HTTP request received.
Invalid HTTP request received.
Invalid HTTP request received.
Invalid HTTP request received.
Invalid HTTP request received.
Invalid HTTP request received.
Invalid HTTP request received.
Invalid HTTP request received.
Invalid HTTP request received.
Invalid HTTP request received.
Invalid HTTP request received.
Invalid HTTP request received.
Invalid HTTP request received.
Invalid HTTP request received.
Invalid HTTP request received.
Invalid HTTP request received.
Invalid HTTP request received.
Invalid HTTP request received.
Invalid HTTP request received.
Invalid HTTP request received.
Invalid HTTP request received.
Invalid HTTP request received.
Invalid HTTP request received.
Invalid HTTP request received.
Invalid HTTP request received.
Invalid HTTP request received.
Invalid HTTP request received.
Invalid HTTP request received.
Invalid HTTP request received.
Invalid HTTP request received.
Invalid HTTP request received.
Invalid HTTP request received.
Invalid HTTP request received.
Invalid HTTP request received.
Invalid HTTP request received.
Invalid HTTP request received.
Invalid HTTP request received.
Invalid HTTP request received.
Invalid HTTP request received.
Invalid HTTP request received.
Invalid HTTP request received.
Invalid HTTP request received.
Invalid HTTP request received.
Invalid HTTP request received.
Invalid HTTP request received.
Invalid HTTP request received.
Invalid HTTP request received.
Invalid HTTP request received.
Invalid HTTP request received.
Invalid HTTP request received.
Invalid HTTP request received.
Invalid HTTP request received.
Invalid HTTP request received.
Invalid HTTP request received.
Invalid HTTP request received.
Invalid HTTP request received.
Invalid HTTP request received.
Invalid HTTP request received.
Invalid HTTP request received.
Invalid HTTP request received.
Invalid HTTP request received.
Invalid HTTP request received.
Invalid HTTP request received.
Invalid HTTP request received.
Invalid HTTP request received.
Invalid HTTP request received.
Invalid HTTP request received.
Invalid HTTP request received.
Invalid HTTP request received.
Invalid HTTP request received.
Invalid HTTP request received.
Invalid HTTP request received.
Invalid HTTP request received.
Invalid HTTP request received.
Invalid HTTP request received.
Invalid HTTP request received.
Invalid HTTP request received.
Invalid HTTP request received.
Invalid HTTP request received.
Invalid HTTP request received.
Invalid HTTP request received.
Invalid HTTP request received.
Invalid HTTP request received.
Invalid HTTP request received.
Invalid HTTP request received.
Invalid HTTP request received.
Invalid HTTP request received.
Invalid HTTP request received.
Invalid HTTP request received.
Invalid HTTP request received.
Invalid HTTP request received.
Invalid HTTP request received.
Invalid HTTP request received.
Invalid HTTP request received.
Invalid HTTP request received.
Invalid HTTP request received.
Invalid HTTP request received.
Invalid HTTP request received.
Invalid HTTP request received.
Invalid HTTP request received.
Invalid HTTP request received.
Invalid HTTP request received.
Invalid HTTP request received.
Invalid HTTP request received.
Invalid HTTP request received.
Invalid HTTP request received.
Invalid HTTP request received.
Invalid HTTP request received.
Invalid HTTP request received.
Invalid HTTP request received.
Invalid HTTP request received.
Invalid HTTP request received.
Invalid HTTP request received.
Invalid HTTP request received.
Invalid HTTP request received.
Invalid HTTP request received.
Invalid HTTP request received.
Invalid HTTP request received.
Invalid HTTP request received.
Invalid HTTP request received.
Invalid HTTP request received.
Invalid HTTP request received.
Invalid HTTP request received.
Invalid HTTP request received.
Invalid HTTP request received.
Invalid HTTP request received.
Invalid HTTP request received.
Invalid HTTP request received.
Invalid HTTP request received.
Invalid HTTP request received.
Invalid HTTP request received.
Invalid HTTP request received.
Invalid HTTP request received.
Invalid HTTP request received.
Invalid HTTP request received.
Invalid HTTP request received.
Invalid HTTP request received.
Invalid HTTP request received.
Invalid HTTP request received.
Invalid HTTP request received.
Invalid HTTP request received.
Invalid HTTP request received.
Invalid HTTP request received.
Invalid HTTP request received.
Invalid HTTP request received.
Invalid HTTP request received.
Invalid HTTP request received.
Invalid HTTP request received.
Invalid HTTP request received.
Invalid HTTP request received.
Invalid HTTP request received.
Invalid HTTP request received.
Invalid HTTP request received.
Invalid HTTP request received.
Invalid HTTP request received.
Invalid HTTP request received.
Invalid HTTP request received.
Invalid HTTP request received.
Invalid HTTP request received.
Invalid HTTP request received.
Invalid HTTP request received.
Invalid HTTP request received.
Invalid HTTP request received.
Invalid HTTP request received.
Invalid HTTP request received.
Invalid HTTP request received.
Invalid HTTP request received.
Invalid HTTP request received.
Invalid HTTP request received.
Invalid HTTP request received.
Invalid HTTP request received.
Invalid HTTP request received.
Invalid HTTP request received.
Invalid HTTP request received.
Invalid HTTP request received.
Invalid HTTP request received.
Invalid HTTP request received.
Invalid HTTP request received.
Invalid HTTP request received.
Invalid HTTP request received.
Invalid HTTP request received.
Invalid HTTP request received.
Invalid HTTP request received.
Invalid HTTP request received.
Invalid HTTP request received.
Invalid HTTP request received.
Invalid HTTP request received.
Invalid HTTP request received.
Invalid HTTP request received.
Invalid HTTP request received.
Invalid HTTP request received.
Invalid HTTP request received.
Invalid HTTP request received.
Invalid HTTP request received.
Invalid HTTP request received.
Invalid HTTP request received.
Invalid HTTP request received.
Invalid HTTP request received.
Invalid HTTP request received.
Invalid HTTP request received.
Invalid HTTP request received.
Invalid HTTP request received.
Invalid HTTP request received.
Invalid HTTP request received.
Invalid HTTP request received.
Invalid HTTP request received.
Invalid HTTP request received.
Invalid HTTP request received.
Invalid HTTP request received.
Invalid HTTP request received.
Invalid HTTP request received.
Invalid HTTP request received.
Invalid HTTP request received.
Invalid HTTP request received.
Invalid HTTP request received.
Invalid HTTP request received.
Invalid HTTP request received.
Invalid HTTP request received.
Invalid HTTP request received.
Invalid HTTP request received.
Invalid HTTP request received.
Invalid HTTP request received.
Invalid HTTP request received.
Invalid HTTP request received.
Invalid HTTP request received.
Invalid HTTP request received.
Invalid HTTP request received.
Invalid HTTP request received.
Invalid HTTP request received.
Invalid HTTP request received.
Invalid HTTP request received.
Invalid HTTP request received.
Invalid HTTP request received.
Invalid HTTP request received.
Invalid HTTP request received.
Invalid HTTP request received.
Invalid HTTP request received.
Invalid HTTP request received.
Invalid HTTP request received.
Invalid HTTP request received.
Invalid HTTP request received.
Invalid HTTP request received.
Invalid HTTP request received.
Invalid HTTP request received.
Invalid HTTP request received.
Invalid HTTP request received.
Invalid HTTP request received.
Invalid HTTP request received.
Invalid HTTP request received.
Invalid HTTP request received.
Invalid HTTP request received.
Invalid HTTP request received.
Invalid HTTP request received.
Invalid HTTP request received.
Invalid HTTP request received.
Invalid HTTP request received.
Invalid HTTP request received.
Invalid HTTP request received.
Invalid HTTP request received.
Invalid HTTP request received.
Invalid HTTP request received.
Invalid HTTP request received.
Invalid HTTP request received.
Invalid HTTP request received.
Invalid HTTP request received.
Invalid HTTP request received.
Invalid HTTP request received.
Invalid HTTP request received.
Invalid HTTP request received.
Invalid HTTP request received.
Invalid HTTP request received.
Invalid HTTP request received.
Invalid HTTP request received.
Invalid HTTP request received.
Invalid HTTP request received.
Invalid HTTP request received.
Invalid HTTP request received.
Invalid HTTP request received.
Invalid HTTP request received.
Invalid HTTP request received.
Invalid HTTP request received.
Invalid HTTP request received.
Invalid HTTP request received.
Invalid HTTP request received.
Invalid HTTP request received.
Invalid HTTP request received.
Invalid HTTP request received.
Invalid HTTP request received.
Invalid HTTP request received.
Invalid HTTP request received.
Invalid HTTP request received.
Invalid HTTP request received.
Invalid HTTP request received.
Invalid HTTP request received.
Invalid HTTP request received.
Invalid HTTP request received.
Invalid HTTP request received.
Invalid HTTP request received.
Invalid HTTP request received.
Invalid HTTP request received.
Invalid HTTP request received.
Invalid HTTP request received.
Invalid HTTP request received.
Invalid HTTP request received.
Invalid HTTP request received.
Invalid HTTP request received.
Invalid HTTP request received.
Invalid HTTP request received.
Invalid HTTP request received.
Invalid HTTP request received.
Invalid HTTP request received.
Invalid HTTP request received.
Invalid HTTP request received.
Invalid HTTP request received.
Invalid HTTP request received.
Invalid HTTP request received.
Invalid HTTP request received.
Invalid HTTP request received.
Invalid HTTP request received.
Invalid HTTP request received.
Invalid HTTP request received.
Invalid HTTP request received.
Invalid HTTP request received.
Invalid HTTP request received.
Invalid HTTP request received.
Invalid HTTP request received.
Invalid HTTP request received.
Invalid HTTP request received.
Invalid HTTP request received.
Invalid HTTP request received.
Invalid HTTP request received.
Invalid HTTP request received.
Invalid HTTP request received.
Invalid HTTP request received.
Invalid HTTP request received.
Invalid HTTP request received.
Invalid HTTP request received.
Invalid HTTP request received.
Invalid HTTP request received.
Invalid HTTP request received.
Invalid HTTP request received.
Invalid HTTP request received.
Invalid HTTP request received.
Invalid HTTP request received.
Invalid HTTP request received.
Invalid HTTP request received.
Invalid HTTP request received.
Invalid HTTP request received.
Invalid HTTP request received.
Invalid HTTP request received.
Invalid HTTP request received.
Invalid HTTP request received.
Invalid HTTP request received.
Invalid HTTP request received.
Invalid HTTP request received.
Invalid HTTP request received.
Invalid HTTP request received.
Invalid HTTP request received.
Invalid HTTP request received.
Invalid HTTP request received.
Invalid HTTP request received.
Invalid HTTP request received.
Invalid HTTP request received.
Invalid HTTP request received.
Invalid HTTP request received.
Invalid HTTP request received.
Invalid HTTP request received.
Invalid HTTP request received.
Invalid HTTP request received.
Invalid HTTP request received.
Invalid HTTP request received.
Invalid HTTP request received.
Invalid HTTP request received.
Invalid HTTP request received.
Invalid HTTP request received.
Invalid HTTP request received.
Invalid HTTP request received.
Invalid HTTP request received.
Invalid HTTP request received.
Invalid HTTP request received.
Invalid HTTP request received.
Invalid HTTP request received.
Invalid HTTP request received.
Invalid HTTP request received.
Invalid HTTP request received.
Invalid HTTP request received.
Invalid HTTP request received.
Invalid HTTP request received.
Invalid HTTP request received.
Invalid HTTP request received.
Invalid HTTP request received.
Invalid HTTP request received.
Invalid HTTP request received.
Invalid HTTP request received.
Invalid HTTP request received.
Invalid HTTP request received.
Invalid HTTP request received.
Invalid HTTP request received.
Invalid HTTP request received.
Invalid HTTP request received.
Invalid HTTP request received.
Invalid HTTP request received.
Invalid HTTP request received.
Invalid HTTP request received.
Invalid HTTP request received.
Invalid HTTP request received.
Invalid HTTP request received.
Invalid HTTP request received.
Invalid HTTP request received.
Invalid HTTP request received.
Invalid HTTP request received.
Invalid HTTP request received.
Invalid HTTP request received.
Invalid HTTP request received.
Invalid HTTP request received.
Invalid HTTP request received.
Invalid HTTP request received.
Invalid HTTP request received.
Invalid HTTP request received.
Invalid HTTP request received.
Invalid HTTP request received.
Invalid HTTP request received.
Invalid HTTP request received.
Invalid HTTP request received.
Invalid HTTP request received.
Invalid HTTP request received.
Invalid HTTP request received.
Invalid HTTP request received.
Invalid HTTP request received.
Invalid HTTP request received.
Invalid HTTP request received.
Invalid HTTP request received.
Invalid HTTP request received.
Invalid HTTP request received.
Invalid HTTP request received.
Invalid HTTP request received.
Invalid HTTP request received.
Invalid HTTP request received.
Invalid HTTP request received.
Invalid HTTP request received.
Invalid HTTP request received.
Invalid HTTP request received.
Invalid HTTP request received.
Invalid HTTP request received.
Invalid HTTP request received.
Invalid HTTP request received.
Invalid HTTP request received.
Invalid HTTP request received.
Invalid HTTP request received.
Invalid HTTP request received.
Invalid HTTP request received.
Invalid HTTP request received.
Invalid HTTP request received.
Invalid HTTP request received.
Invalid HTTP request received.
Invalid HTTP request received.
Invalid HTTP request received.
Invalid HTTP request received.
Invalid HTTP request received.
Invalid HTTP request received.
Invalid HTTP request received.
Invalid HTTP request received.
Invalid HTTP request received.
Invalid HTTP request received.
Invalid HTTP request received.
Invalid HTTP request received.
Invalid HTTP request received.
Invalid HTTP request received.
Invalid HTTP request received.
Invalid HTTP request received.
Invalid HTTP request received.
Invalid HTTP request received.
Invalid HTTP request received.
Invalid HTTP request received.
Invalid HTTP request received.
Invalid HTTP request received.
Invalid HTTP request received.
Invalid HTTP request received.
Invalid HTTP request received.
Invalid HTTP request received.
Invalid HTTP request received.
Invalid HTTP request received.
Invalid HTTP request received.
Invalid HTTP request received.
Invalid HTTP request received.
Invalid HTTP request received.
Invalid HTTP request received.
Invalid HTTP request received.
Invalid HTTP request received.
Invalid HTTP request received.
Invalid HTTP request received.
Invalid HTTP request received.
Invalid HTTP request received.
Invalid HTTP request received.
Invalid HTTP request received.
Invalid HTTP request received.
Invalid HTTP request received.
Invalid HTTP request received.
Invalid HTTP request received.
Invalid HTTP request received.
Invalid HTTP request received.
Invalid HTTP request received.
Invalid HTTP request received.
Invalid HTTP request received.
Invalid HTTP request received.
Invalid HTTP request received.
Invalid HTTP request received.
Invalid HTTP request received.
Invalid HTTP request received.
Invalid HTTP request received.
Invalid HTTP request received.
Invalid HTTP request received.
Invalid HTTP request received.
Invalid HTTP request received.
Invalid HTTP request received.
Invalid HTTP request received.
Invalid HTTP request received.
Invalid HTTP request received.
Invalid HTTP request received.
Invalid HTTP request received.
Invalid HTTP request received.
Invalid HTTP request received.
Invalid HTTP request received.
Invalid HTTP request received.
Invalid HTTP request received.
Invalid HTTP request received.
Invalid HTTP request received.
Invalid HTTP request received.
Invalid HTTP request received.
Invalid HTTP request received.
Invalid HTTP request received.
Invalid HTTP request received.
Invalid HTTP request received.
Invalid HTTP request received.
Invalid HTTP request received.
Invalid HTTP request received.
Invalid HTTP request received.
Invalid HTTP request received.
Invalid HTTP request received.
Invalid HTTP request received.
Invalid HTTP request received.
Invalid HTTP request received.
Invalid HTTP request received.
Invalid HTTP request received.
Invalid HTTP request received.
Invalid HTTP request received.
Invalid HTTP request received.
Invalid HTTP request received.
Invalid HTTP request received.
Invalid HTTP request received.
Invalid HTTP request received.
Invalid HTTP request received.
Invalid HTTP request received.
Invalid HTTP request received.
Invalid HTTP request received.
Invalid HTTP request received.
Invalid HTTP request received.
Invalid HTTP request received.
Invalid HTTP request received.
Invalid HTTP request received.
Invalid HTTP request received.
Invalid HTTP request received.
Invalid HTTP request received.
Invalid HTTP request received.
Invalid HTTP request received.
Invalid HTTP request received.
Invalid HTTP request received.
Invalid HTTP request received.
Invalid HTTP request received.
Invalid HTTP request received.
Invalid HTTP request received.
Invalid HTTP request received.
Invalid HTTP request received.
Invalid HTTP request received.
Invalid HTTP request received.
Invalid HTTP request received.
Invalid HTTP request received.
Invalid HTTP request received.
Invalid HTTP request received.
Invalid HTTP request received.
Invalid HTTP request received.
Invalid HTTP request received.
Invalid HTTP request received.
Invalid HTTP request received.
Invalid HTTP request received.
Invalid HTTP request received.
Invalid HTTP request received.
Invalid HTTP request received.
Invalid HTTP request received.
Invalid HTTP request received.
Invalid HTTP request received.
Invalid HTTP request received.
Invalid HTTP request received.
Invalid HTTP request received.
Invalid HTTP request received.
Invalid HTTP request received.
Invalid HTTP request received.
Invalid HTTP request received.
Invalid HTTP request received.
Invalid HTTP request received.
Invalid HTTP request received.
Invalid HTTP request received.
Invalid HTTP request received.
Invalid HTTP request received.
Invalid HTTP request received.
Invalid HTTP request received.
Invalid HTTP request received.
Invalid HTTP request received.
Invalid HTTP request received.
Invalid HTTP request received.
Invalid HTTP request received.
Invalid HTTP request received.
Invalid HTTP request received.
Invalid HTTP request received.
Invalid HTTP request received.
Invalid HTTP request received.
Invalid HTTP request received.
Invalid HTTP request received.
Invalid HTTP request received.
Invalid HTTP request received.
Invalid HTTP request received.
Invalid HTTP request received.
Invalid HTTP request received.
Invalid HTTP request received.
Invalid HTTP request received.
Invalid HTTP request received.
Invalid HTTP request received.
Invalid HTTP request received.
Invalid HTTP request received.
Invalid HTTP request received.
Invalid HTTP request received.
Invalid HTTP request received.
Invalid HTTP request received.
Invalid HTTP request received.
Invalid HTTP request received.
Invalid HTTP request received.
Invalid HTTP request received.
Invalid HTTP request received.
Invalid HTTP request received.
Invalid HTTP request received.
Invalid HTTP request received.
Invalid HTTP request received.
Invalid HTTP request received.
Invalid HTTP request received.
Invalid HTTP request received.
Invalid HTTP request received.
Invalid HTTP request received.
Invalid HTTP request received.
Invalid HTTP request received.
Invalid HTTP request received.
Invalid HTTP request received.
Invalid HTTP request received.
Invalid HTTP request received.
Invalid HTTP request received.
Invalid HTTP request received.
Invalid HTTP request received.
Invalid HTTP request received.
Invalid HTTP request received.
Invalid HTTP request received.
Invalid HTTP request received.
Invalid HTTP request received.
Invalid HTTP request received.
Invalid HTTP request received.
Invalid HTTP request received.
Invalid HTTP request received.
Invalid HTTP request received.
Invalid HTTP request received.
Invalid HTTP request received.
Invalid HTTP request received.
Invalid HTTP request received.
Invalid HTTP request received.
Invalid HTTP request received.
Invalid HTTP request received.
Invalid HTTP request received.
Invalid HTTP request received.
Invalid HTTP request received.
Invalid HTTP request received.
Invalid HTTP request received.
Invalid HTTP request received.
Invalid HTTP request received.
Invalid HTTP request received.
Invalid HTTP request received.
Invalid HTTP request received.
Invalid HTTP request received.
Invalid HTTP request received.
Invalid HTTP request received.
Invalid HTTP request received.
Invalid HTTP request received.
Invalid HTTP request received.
Invalid HTTP request received.
Invalid HTTP request received.
Invalid HTTP request received.
Invalid HTTP request received.
Invalid HTTP request received.
Invalid HTTP request received.
Invalid HTTP request received.
Invalid HTTP request received.
Invalid HTTP request received.
Invalid HTTP request received.
Invalid HTTP request received.
Invalid HTTP request received.
Invalid HTTP request received.
Invalid HTTP request received.
Invalid HTTP request received.
Invalid HTTP request received.
Invalid HTTP request received.
Invalid HTTP request received.
Invalid HTTP request received.
Invalid HTTP request received.
Invalid HTTP request received.
Invalid HTTP request received.
Invalid HTTP request received.
Invalid HTTP request received.
Invalid HTTP request received.
Invalid HTTP request received.
Invalid HTTP request received.
Invalid HTTP request received.
Invalid HTTP request received.
Invalid HTTP request received.
Invalid HTTP request received.
Invalid HTTP request received.
Invalid HTTP request received.
Invalid HTTP request received.
Invalid HTTP request received.
Invalid HTTP request received.
Invalid HTTP request received.
Invalid HTTP request received.
Invalid HTTP request received.
Invalid HTTP request received.
Invalid HTTP request received.
Invalid HTTP request received.
Invalid HTTP request received.
Invalid HTTP request received.
Invalid HTTP request received.
Invalid HTTP request received.
Invalid HTTP request received.
Invalid HTTP request received.
Invalid HTTP request received.
Invalid HTTP request received.
Invalid HTTP request received.
Invalid HTTP request received.
Invalid HTTP request received.
Invalid HTTP request received.
Invalid HTTP request received.
Invalid HTTP request received.
Invalid HTTP request received.
Invalid HTTP request received.
Invalid HTTP request received.
Invalid HTTP request received.
Invalid HTTP request received.
Invalid HTTP request received.
Invalid HTTP request received.
Invalid HTTP request received.
Invalid HTTP request received.
Invalid HTTP request received.
Invalid HTTP request received.
Invalid HTTP request received.
Invalid HTTP request received.
Invalid HTTP request received.
Invalid HTTP request received.
Invalid HTTP request received.
Invalid HTTP request received.
Invalid HTTP request received.
Invalid HTTP request received.
Invalid HTTP request received.
Invalid HTTP request received.
Invalid HTTP request received.
Invalid HTTP request received.
Invalid HTTP request received.
Invalid HTTP request received.
Invalid HTTP request received.
Invalid HTTP request received.
Invalid HTTP request received.
Invalid HTTP request received.
Invalid HTTP request received.
Invalid HTTP request received.
Invalid HTTP request received.
Invalid HTTP request received.
Invalid HTTP request received.
Invalid HTTP request received.
Invalid HTTP request received.
Invalid HTTP request received.
Invalid HTTP request received.
Invalid HTTP request received.
Invalid HTTP request received.
Invalid HTTP request received.
Invalid HTTP request received.
Invalid HTTP request received.
Invalid HTTP request received.
Invalid HTTP request received.
Invalid HTTP request received.
Invalid HTTP request received.
Invalid HTTP request received.
Invalid HTTP request received.
Invalid HTTP request received.
Invalid HTTP request received.
Invalid HTTP request received.
Invalid HTTP request received.
Invalid HTTP request received.
Invalid HTTP request received.
Invalid HTTP request received.
Invalid HTTP request received.
Invalid HTTP request received.
Invalid HTTP request received.
Invalid HTTP request received.
Invalid HTTP request received.
Invalid HTTP request received.
Invalid HTTP request received.
Invalid HTTP request received.
Invalid HTTP request received.
Invalid HTTP request received.
Invalid HTTP request received.
Invalid HTTP request received.
Invalid HTTP request received.
Invalid HTTP request received.
Invalid HTTP request received.
Invalid HTTP request received.
Invalid HTTP request received.
Invalid HTTP request received.
Invalid HTTP request received.
Invalid HTTP request received.
Invalid HTTP request received.
Invalid HTTP request received.
Invalid HTTP request received.
Invalid HTTP request received.
Invalid HTTP request received.
Invalid HTTP request received.
Invalid HTTP request received.
Invalid HTTP request received.
Invalid HTTP request received.
Invalid HTTP request received.
Invalid HTTP request received.
Invalid HTTP request received.
Invalid HTTP request received.
Invalid HTTP request received.
Invalid HTTP request received.
Invalid HTTP request received.
/root/sultraxai/app.py:20: UserWarning: pandas only supports SQLAlchemy connectable (engine/connection) or database string URI or sqlite3 DBAPI2 connection. Other DBAPI2 objects are not tested. Please consider using SQLAlchemy.
  df = pd.read_sql_query(query, conn)
2026-05-17 13:03:44.711 Please replace `use_container_width` with `width`.

`use_container_width` will be removed after 2025-12-31.

For `use_container_width=True`, use `width='stretch'`. For `use_container_width=False`, use `width='content'`.
/root/sultraxai/app.py:20: UserWarning: pandas only supports SQLAlchemy connectable (engine/connection) or database string URI or sqlite3 DBAPI2 connection. Other DBAPI2 objects are not tested. Please consider using SQLAlchemy.
  df = pd.read_sql_query(query, conn)
2026-05-17 13:27:20.739 Please replace `use_container_width` with `width`.

`use_container_width` will be removed after 2025-12-31.

For `use_container_width=True`, use `width='stretch'`. For `use_container_width=False`, use `width='content'`.
/root/sultraxai/app.py:20: UserWarning: pandas only supports SQLAlchemy connectable (engine/connection) or database string URI or sqlite3 DBAPI2 connection. Other DBAPI2 objects are not tested. Please consider using SQLAlchemy.
  df = pd.read_sql_query(query, conn)
2026-05-17 13:30:45.008 Please replace `use_container_width` with `width`.

`use_container_width` will be removed after 2025-12-31.

For `use_container_width=True`, use `width='stretch'`. For `use_container_width=False`, use `width='content'`.
/root/sultraxai/app.py:20: UserWarning: pandas only supports SQLAlchemy connectable (engine/connection) or database string URI or sqlite3 DBAPI2 connection. Other DBAPI2 objects are not tested. Please consider using SQLAlchemy.
  df = pd.read_sql_query(query, conn)
2026-05-17 13:31:26.805 Please replace `use_container_width` with `width`.

`use_container_width` will be removed after 2025-12-31.

For `use_container_width=True`, use `width='stretch'`. For `use_container_width=False`, use `width='content'`.
/root/sultraxai/app.py:20: UserWarning: pandas only supports SQLAlchemy connectable (engine/connection) or database string URI or sqlite3 DBAPI2 connection. Other DBAPI2 objects are not tested. Please consider using SQLAlchemy.
  df = pd.read_sql_query(query, conn)
2026-05-17 13:55:17.873 Please replace `use_container_width` with `width`.

`use_container_width` will be removed after 2025-12-31.

For `use_container_width=True`, use `width='stretch'`. For `use_container_width=False`, use `width='content'`.
/root/sultraxai/app.py:20: UserWarning: pandas only supports SQLAlchemy connectable (engine/connection) or database string URI or sqlite3 DBAPI2 connection. Other DBAPI2 objects are not tested. Please consider using SQLAlchemy.
  df = pd.read_sql_query(query, conn)
2026-05-17 14:03:43.852 Please replace `use_container_width` with `width`.

`use_container_width` will be removed after 2025-12-31.

For `use_container_width=True`, use `width='stretch'`. For `use_container_width=False`, use `width='content'`.
/root/sultraxai/app.py:20: UserWarning: pandas only supports SQLAlchemy connectable (engine/connection) or database string URI or sqlite3 DBAPI2 connection. Other DBAPI2 objects are not tested. Please consider using SQLAlchemy.
  df = pd.read_sql_query(query, conn)
2026-05-17 14:04:04.753 Please replace `use_container_width` with `width`.

`use_container_width` will be removed after 2025-12-31.

For `use_container_width=True`, use `width='stretch'`. For `use_container_width=False`, use `width='content'`.
/root/sultraxai/app.py:20: UserWarning: pandas only supports SQLAlchemy connectable (engine/connection) or database string URI or sqlite3 DBAPI2 connection. Other DBAPI2 objects are not tested. Please consider using SQLAlchemy.
  df = pd.read_sql_query(query, conn)
2026-05-17 14:06:13.123 Please replace `use_container_width` with `width`.

`use_container_width` will be removed after 2025-12-31.

For `use_container_width=True`, use `width='stretch'`. For `use_container_width=False`, use `width='content'`.
/root/sultraxai/app.py:20: UserWarning: pandas only supports SQLAlchemy connectable (engine/connection) or database string URI or sqlite3 DBAPI2 connection. Other DBAPI2 objects are not tested. Please consider using SQLAlchemy.
  df = pd.read_sql_query(query, conn)
2026-05-17 14:07:14.164 Please replace `use_container_width` with `width`.

`use_container_width` will be removed after 2025-12-31.

For `use_container_width=True`, use `width='stretch'`. For `use_container_width=False`, use `width='content'`.
/root/sultraxai/app.py:20: UserWarning: pandas only supports SQLAlchemy connectable (engine/connection) or database string URI or sqlite3 DBAPI2 connection. Other DBAPI2 objects are not tested. Please consider using SQLAlchemy.
  df = pd.read_sql_query(query, conn)
2026-05-17 14:08:13.656 Please replace `use_container_width` with `width`.

`use_container_width` will be removed after 2025-12-31.

For `use_container_width=True`, use `width='stretch'`. For `use_container_width=False`, use `width='content'`.
/root/sultraxai/app.py:20: UserWarning: pandas only supports SQLAlchemy connectable (engine/connection) or database string URI or sqlite3 DBAPI2 connection. Other DBAPI2 objects are not tested. Please consider using SQLAlchemy.
  df = pd.read_sql_query(query, conn)
2026-05-17 14:09:10.995 Please replace `use_container_width` with `width`.

`use_container_width` will be removed after 2025-12-31.

For `use_container_width=True`, use `width='stretch'`. For `use_container_width=False`, use `width='content'`.
/root/sultraxai/app.py:20: UserWarning: pandas only supports SQLAlchemy connectable (engine/connection) or database string URI or sqlite3 DBAPI2 connection. Other DBAPI2 objects are not tested. Please consider using SQLAlchemy.
  df = pd.read_sql_query(query, conn)
2026-05-17 14:09:19.114 Please replace `use_container_width` with `width`.

`use_container_width` will be removed after 2025-12-31.

For `use_container_width=True`, use `width='stretch'`. For `use_container_width=False`, use `width='content'`.
  Stopping...
